2020-10-06T17:07:58.658+1100 INFO User name set with 
2020-10-06T17:07:58.722+1100 INFO User name set with 
2020-10-06T17:09:01.763+1100 INFO User name set with 
2020-10-06T17:09:01.769+1100 ERROR Error with user password. Cannot create usertest
2020-10-06T17:13:49.598+1100 INFO User name set with 
2020-10-06T17:13:49.605+1100 ERROR Error with user password. Cannot create usertest
2020-10-06T17:13:49.649+1100 INFO User name set with 
2020-10-06T17:13:49.656+1100 INFO Received get request
2020-10-06T17:18:40.524+1100 INFO Received get request
2020-10-06T17:19:11.335+1100 INFO User name set with 
2020-10-06T17:19:11.342+1100 ERROR Error with user password. Cannot create usertest
2020-10-06T17:19:11.371+1100 INFO User name set with 
2020-10-06T17:19:11.387+1100 INFO Received get request
2020-10-06T17:20:28.749+1100 INFO User name set with 
2020-10-06T17:20:28.756+1100 ERROR Error with user password. Cannot create usertest
2020-10-06T17:20:43.143+1100 INFO User name set with 
2020-10-06T17:20:43.148+1100 ERROR Error with user password. Cannot create usertest
2020-10-06T17:20:43.172+1100 INFO User name set with 
2020-10-06T17:20:43.173+1100 ERROR Error with user password. Cannot create usertest
2020-10-06T17:20:43.186+1100 INFO User name set with 
2020-10-06T17:20:43.194+1100 INFO Received get request
2020-10-06T17:41:19.045+1100 INFO Starting SareetaApplicationTests on Jiteshs-MBP with PID 5481 (started by JG in /Users/JG/Programming/JAVA Study/I2JND/JAVA-Programming/P04-eCommerce Application/starter_code)
2020-10-06T17:41:19.047+1100 DEBUG Running with Spring Boot v2.1.5.RELEASE, Spring v5.1.7.RELEASE
2020-10-06T17:41:19.048+1100 INFO No active profile set, falling back to default profiles: default
2020-10-06T17:41:24.820+1100 INFO Started SareetaApplicationTests in 6.116 seconds (JVM running for 9.37)
2020-10-06T20:53:20.741+1100 ERROR Order could not be created for username: test1
2020-10-06T20:53:20.785+1100 INFO Order created successfully for username: test
2020-10-06T20:53:46.376+1100 INFO User name set with 
2020-10-06T20:53:46.384+1100 ERROR Error with user password. Cannot create usertest
2020-10-06T20:53:46.413+1100 INFO User name set with 
2020-10-06T20:53:46.415+1100 ERROR Error with user password. Cannot create usertest
2020-10-06T20:53:46.432+1100 INFO User name set with 
2020-10-06T20:53:46.439+1100 INFO User created. UserName: test
2020-10-06T20:53:46.444+1100 INFO Received get request
